2018-07-30 20:53:55,647 ERROR: Exception on /reset_password_request [POST] [in /nfs/2016/s/sbalcort/starfleet/microblog/venv/lib/python3.6/site-packages/flask/app.py:1761]
Traceback (most recent call last):
  File "/nfs/2016/s/sbalcort/starfleet/microblog/venv/lib/python3.6/site-packages/flask/app.py", line 2292, in wsgi_app
    response = self.full_dispatch_request()
  File "/nfs/2016/s/sbalcort/starfleet/microblog/venv/lib/python3.6/site-packages/flask/app.py", line 1815, in full_dispatch_request
    rv = self.handle_user_exception(e)
  File "/nfs/2016/s/sbalcort/starfleet/microblog/venv/lib/python3.6/site-packages/flask/app.py", line 1718, in handle_user_exception
    reraise(exc_type, exc_value, tb)
  File "/nfs/2016/s/sbalcort/starfleet/microblog/venv/lib/python3.6/site-packages/flask/_compat.py", line 35, in reraise
    raise value
  File "/nfs/2016/s/sbalcort/starfleet/microblog/venv/lib/python3.6/site-packages/flask/app.py", line 1813, in full_dispatch_request
    rv = self.dispatch_request()
  File "/nfs/2016/s/sbalcort/starfleet/microblog/venv/lib/python3.6/site-packages/flask/app.py", line 1799, in dispatch_request
    return self.view_functions[rule.endpoint](**req.view_args)
  File "/nfs/2016/s/sbalcort/starfleet/microblog/app/routes.py", line 94, in reset_password_request
    send_password_reset_email(user)
  File "/nfs/2016/s/sbalcort/starfleet/microblog/app/email.py", line 19, in send_password_reset_email
    token = user.get_reset_password()
AttributeError: 'User' object has no attribute 'get_reset_password'
2018-07-30 20:58:05,488 INFO: Microblog startup [in /nfs/2016/s/sbalcort/starfleet/microblog/app/__init__.py:45]
2018-07-30 22:50:15,175 INFO: Microblog startup [in /nfs/2016/s/sbalcort/starfleet/microblog/app/__init__.py:47]
2018-07-30 22:52:47,763 INFO: Microblog startup [in /nfs/2016/s/sbalcort/starfleet/microblog/app/__init__.py:47]
2018-07-30 22:55:45,403 INFO: Microblog startup [in /nfs/2016/s/sbalcort/starfleet/microblog/app/__init__.py:47]
2018-07-30 23:05:51,967 INFO: Microblog startup [in /nfs/2016/s/sbalcort/starfleet/microblog/app/__init__.py:47]
2018-07-30 23:22:19,873 INFO: Microblog startup [in /nfs/2016/s/sbalcort/starfleet/microblog/app/__init__.py:49]
